-encoding
UTF-8
-outxml
-source
7
-target
7
-classpath
C:\Users\Mateus\.m2\repository\junit\junit\4.11\junit-4.11.jar;C:\Users\Mateus\.m2\repository\log4j\log4j\1.2.17\log4j-1.2.17.jar;C:\Users\Mateus\.m2\repository\org\slf4j\slf4j-api\1.7.5\slf4j-api-1.7.5.jar;C:\Users\Mateus\.m2\repository\org\slf4j\jcl-over-slf4j\1.7.5\jcl-over-slf4j-1.7.5.jar;C:\Users\Mateus\.m2\repository\org\slf4j\slf4j-log4j12\1.7.5\slf4j-log4j12-1.7.5.jar;C:\Users\Mateus\.m2\repository\org\aspectj\aspectjrt\1.8.1\aspectjrt-1.8.1.jar;C:\Users\Mateus\.m2\repository\org\aspectj\aspectjweaver\1.8.1\aspectjweaver-1.8.1.jar;C:\Users\Mateus\.m2\repository\javax\servlet\servlet-api\2.5\servlet-api-2.5.jar;C:\Users\Mateus\.m2\repository\net\sf\flexjson\flexjson\2.1\flexjson-2.1.jar;C:\Users\Mateus\.m2\repository\org\apache\commons\commons-lang3\3.1\commons-lang3-3.1.jar;C:\Users\Mateus\.m2\repository\org\springframework\roo\org.springframework.roo.annotations\1.3.1.RELEASE\org.springframework.roo.annotations-1.3.1.RELEASE.jar;C:\Users\Mateus\.m2\repository\org\springframework\spring-core\3.2.8.RELEASE\spring-core-3.2.8.RELEASE.jar;C:\Users\Mateus\.m2\repository\org\springframework\spring-test\3.2.8.RELEASE\spring-test-3.2.8.RELEASE.jar;C:\Users\Mateus\.m2\repository\org\springframework\spring-context\3.2.8.RELEASE\spring-context-3.2.8.RELEASE.jar;C:\Users\Mateus\.m2\repository\org\springframework\spring-aop\3.2.8.RELEASE\spring-aop-3.2.8.RELEASE.jar;C:\Users\Mateus\.m2\repository\org\springframework\spring-aspects\3.2.8.RELEASE\spring-aspects-3.2.8.RELEASE.jar;C:\Users\Mateus\.m2\repository\mysql\mysql-connector-java\5.1.18\mysql-connector-java-5.1.18.jar;C:\Users\Mateus\.m2\repository\org\hibernate\hibernate-core\4.3.6.Final\hibernate-core-4.3.6.Final.jar;C:\Users\Mateus\.m2\repository\org\hibernate\hibernate-entitymanager\4.3.6.Final\hibernate-entitymanager-4.3.6.Final.jar;C:\Users\Mateus\.m2\repository\org\hibernate\javax\persistence\hibernate-jpa-2.1-api\1.0.0.Final\hibernate-jpa-2.1-api-1.0.0.Final.jar;C:\Users\Mateus\.m2\repository\commons-collections\commons-collections\3.2.1\commons-collections-3.2.1.jar;C:\Users\Mateus\.m2\repository\org\hibernate\hibernate-validator\4.3.2.Final\hibernate-validator-4.3.2.Final.jar;C:\Users\Mateus\.m2\repository\javax\validation\validation-api\1.0.0.GA\validation-api-1.0.0.GA.jar;C:\Users\Mateus\.m2\repository\javax\transaction\jta\1.1\jta-1.1.jar;C:\Users\Mateus\.m2\repository\org\springframework\spring-jdbc\3.2.8.RELEASE\spring-jdbc-3.2.8.RELEASE.jar;C:\Users\Mateus\.m2\repository\org\springframework\spring-orm\3.2.8.RELEASE\spring-orm-3.2.8.RELEASE.jar;C:\Users\Mateus\.m2\repository\commons-pool\commons-pool\1.5.6\commons-pool-1.5.6.jar;C:\Users\Mateus\.m2\repository\commons-dbcp\commons-dbcp\1.4\commons-dbcp-1.4.jar;C:\Users\Mateus\.m2\repository\org\apache\myfaces\core\myfaces-api\2.1.10\myfaces-api-2.1.10.jar;C:\Users\Mateus\.m2\repository\org\apache\myfaces\core\myfaces-impl\2.1.10\myfaces-impl-2.1.10.jar;C:\Users\Mateus\.m2\repository\org\primefaces\primefaces\3.5\primefaces-3.5.jar;C:\Users\Mateus\.m2\repository\org\primefaces\themes\south-street\1.0.10\south-street-1.0.10.jar;C:\Users\Mateus\.m2\repository\org\springframework\spring-web\3.2.8.RELEASE\spring-web-3.2.8.RELEASE.jar;C:\Users\Mateus\.m2\repository\javax\el\el-api\2.2\el-api-2.2.jar;C:\Users\Mateus\.m2\repository\commons-fileupload\commons-fileupload\1.2.2\commons-fileupload-1.2.2.jar;C:\Users\Mateus\.m2\repository\commons-io\commons-io\2.1\commons-io-2.1.jar;C:\Users\Mateus\.m2\repository\org\primefaces\themes\casablanca\1.0.10\casablanca-1.0.10.jar;C:\Users\Mateus\.m2\repository\com\amazonaws\aws-java-sdk\1.10.12\aws-java-sdk-1.10.12.jar;C:\Users\Mateus\.m2\repository\org\apache\commons\commons-email\1.1\commons-email-1.1.jar;C:\Users\Mateus\.m2\repository\commons-codec\commons-codec\1.8\commons-codec-1.8.jar;C:\Users\Mateus\.m2\repository\org\springframework\spring-beans\3.2.8.RELEASE\spring-beans-3.2.8.RELEASE.jar;C:\Users\Mateus\.m2\repository\org\springframework\spring-expression\3.2.8.RELEASE\spring-expression-3.2.8.RELEASE.jar;C:\Users\Mateus\.m2\repository\aopalliance\aopalliance\1.0\aopalliance-1.0.jar;C:\Users\Mateus\.m2\repository\org\jboss\logging\jboss-logging\3.1.3.GA\jboss-logging-3.1.3.GA.jar;C:\Users\Mateus\.m2\repository\org\jboss\logging\jboss-logging-annotations\1.2.0.Beta1\jboss-logging-annotations-1.2.0.Beta1.jar;C:\Users\Mateus\.m2\repository\org\jboss\spec\javax\transaction\jboss-transaction-api_1.2_spec\1.0.0.Final\jboss-transaction-api_1.2_spec-1.0.0.Final.jar;C:\Users\Mateus\.m2\repository\dom4j\dom4j\1.6.1\dom4j-1.6.1.jar;C:\Users\Mateus\.m2\repository\xml-apis\xml-apis\1.0.b2\xml-apis-1.0.b2.jar;C:\Users\Mateus\.m2\repository\org\hibernate\common\hibernate-commons-annotations\4.0.5.Final\hibernate-commons-annotations-4.0.5.Final.jar;C:\Users\Mateus\.m2\repository\org\javassist\javassist\3.18.1-GA\javassist-3.18.1-GA.jar;C:\Users\Mateus\.m2\repository\antlr\antlr\2.7.7\antlr-2.7.7.jar;C:\Users\Mateus\.m2\repository\org\jboss\jandex\1.1.0.Final\jandex-1.1.0.Final.jar;C:\Users\Mateus\.m2\repository\org\springframework\spring-tx\3.2.8.RELEASE\spring-tx-3.2.8.RELEASE.jar;C:\Users\Mateus\.m2\repository\commons-beanutils\commons-beanutils\1.8.3\commons-beanutils-1.8.3.jar;C:\Users\Mateus\.m2\repository\commons-digester\commons-digester\1.8\commons-digester-1.8.jar;C:\Users\Mateus\.m2\repository\com\amazonaws\aws-java-sdk-support\1.10.12\aws-java-sdk-support-1.10.12.jar;C:\Users\Mateus\.m2\repository\com\amazonaws\aws-java-sdk-simpledb\1.10.12\aws-java-sdk-simpledb-1.10.12.jar;C:\Users\Mateus\.m2\repository\com\amazonaws\aws-java-sdk-simpleworkflow\1.10.12\aws-java-sdk-simpleworkflow-1.10.12.jar;C:\Users\Mateus\.m2\repository\com\amazonaws\aws-java-sdk-storagegateway\1.10.12\aws-java-sdk-storagegateway-1.10.12.jar;C:\Users\Mateus\.m2\repository\com\amazonaws\aws-java-sdk-route53\1.10.12\aws-java-sdk-route53-1.10.12.jar;C:\Users\Mateus\.m2\repository\com\amazonaws\aws-java-sdk-s3\1.10.12\aws-java-sdk-s3-1.10.12.jar;C:\Users\Mateus\.m2\repository\com\amazonaws\aws-java-sdk-importexport\1.10.12\aws-java-sdk-importexport-1.10.12.jar;C:\Users\Mateus\.m2\repository\com\amazonaws\aws-java-sdk-sts\1.10.12\aws-java-sdk-sts-1.10.12.jar;C:\Users\Mateus\.m2\repository\com\amazonaws\aws-java-sdk-sqs\1.10.12\aws-java-sdk-sqs-1.10.12.jar;C:\Users\Mateus\.m2\repository\com\amazonaws\aws-java-sdk-rds\1.10.12\aws-java-sdk-rds-1.10.12.jar;C:\Users\Mateus\.m2\repository\com\amazonaws\aws-java-sdk-redshift\1.10.12\aws-java-sdk-redshift-1.10.12.jar;C:\Users\Mateus\.m2\repository\com\amazonaws\aws-java-sdk-elasticbeanstalk\1.10.12\aws-java-sdk-elasticbeanstalk-1.10.12.jar;C:\Users\Mateus\.m2\repository\com\amazonaws\aws-java-sdk-glacier\1.10.12\aws-java-sdk-glacier-1.10.12.jar;C:\Users\Mateus\.m2\repository\com\amazonaws\aws-java-sdk-iam\1.10.12\aws-java-sdk-iam-1.10.12.jar;C:\Users\Mateus\.m2\repository\com\amazonaws\aws-java-sdk-datapipeline\1.10.12\aws-java-sdk-datapipeline-1.10.12.jar;C:\Users\Mateus\.m2\repository\com\amazonaws\aws-java-sdk-elasticloadbalancing\1.10.12\aws-java-sdk-elasticloadbalancing-1.10.12.jar;C:\Users\Mateus\.m2\repository\com\amazonaws\aws-java-sdk-emr\1.10.12\aws-java-sdk-emr-1.10.12.jar;C:\Users\Mateus\.m2\repository\com\amazonaws\aws-java-sdk-elasticache\1.10.12\aws-java-sdk-elasticache-1.10.12.jar;C:\Users\Mateus\.m2\repository\com\amazonaws\aws-java-sdk-elastictranscoder\1.10.12\aws-java-sdk-elastictranscoder-1.10.12.jar;C:\Users\Mateus\.m2\repository\com\amazonaws\aws-java-sdk-ec2\1.10.12\aws-java-sdk-ec2-1.10.12.jar;C:\Users\Mateus\.m2\repository\com\amazonaws\aws-java-sdk-dynamodb\1.10.12\aws-java-sdk-dynamodb-1.10.12.jar;C:\Users\Mateus\.m2\repository\com\amazonaws\aws-java-sdk-sns\1.10.12\aws-java-sdk-sns-1.10.12.jar;C:\Users\Mateus\.m2\repository\com\amazonaws\aws-java-sdk-cloudtrail\1.10.12\aws-java-sdk-cloudtrail-1.10.12.jar;C:\Users\Mateus\.m2\repository\com\amazonaws\aws-java-sdk-cloudwatch\1.10.12\aws-java-sdk-cloudwatch-1.10.12.jar;C:\Users\Mateus\.m2\repository\com\amazonaws\aws-java-sdk-logs\1.10.12\aws-java-sdk-logs-1.10.12.jar;C:\Users\Mateus\.m2\repository\com\amazonaws\aws-java-sdk-cognitoidentity\1.10.12\aws-java-sdk-cognitoidentity-1.10.12.jar;C:\Users\Mateus\.m2\repository\com\amazonaws\aws-java-sdk-cognitosync\1.10.12\aws-java-sdk-cognitosync-1.10.12.jar;C:\Users\Mateus\.m2\repository\com\amazonaws\aws-java-sdk-directconnect\1.10.12\aws-java-sdk-directconnect-1.10.12.jar;C:\Users\Mateus\.m2\repository\com\amazonaws\aws-java-sdk-cloudformation\1.10.12\aws-java-sdk-cloudformation-1.10.12.jar;C:\Users\Mateus\.m2\repository\com\amazonaws\aws-java-sdk-cloudfront\1.10.12\aws-java-sdk-cloudfront-1.10.12.jar;C:\Users\Mateus\.m2\repository\com\amazonaws\aws-java-sdk-kinesis\1.10.12\aws-java-sdk-kinesis-1.10.12.jar;C:\Users\Mateus\.m2\repository\com\amazonaws\aws-java-sdk-opsworks\1.10.12\aws-java-sdk-opsworks-1.10.12.jar;C:\Users\Mateus\.m2\repository\com\amazonaws\aws-java-sdk-ses\1.10.12\aws-java-sdk-ses-1.10.12.jar;C:\Users\Mateus\.m2\repository\com\amazonaws\aws-java-sdk-autoscaling\1.10.12\aws-java-sdk-autoscaling-1.10.12.jar;C:\Users\Mateus\.m2\repository\com\amazonaws\aws-java-sdk-cloudsearch\1.10.12\aws-java-sdk-cloudsearch-1.10.12.jar;C:\Users\Mateus\.m2\repository\com\amazonaws\aws-java-sdk-cloudwatchmetrics\1.10.12\aws-java-sdk-cloudwatchmetrics-1.10.12.jar;C:\Users\Mateus\.m2\repository\com\amazonaws\aws-java-sdk-swf-libraries\1.10.12\aws-java-sdk-swf-libraries-1.10.12.jar;C:\Users\Mateus\.m2\repository\com\amazonaws\aws-java-sdk-codedeploy\1.10.12\aws-java-sdk-codedeploy-1.10.12.jar;C:\Users\Mateus\.m2\repository\com\amazonaws\aws-java-sdk-codepipeline\1.10.12\aws-java-sdk-codepipeline-1.10.12.jar;C:\Users\Mateus\.m2\repository\com\amazonaws\aws-java-sdk-kms\1.10.12\aws-java-sdk-kms-1.10.12.jar;C:\Users\Mateus\.m2\repository\com\amazonaws\aws-java-sdk-config\1.10.12\aws-java-sdk-config-1.10.12.jar;C:\Users\Mateus\.m2\repository\com\amazonaws\aws-java-sdk-lambda\1.10.12\aws-java-sdk-lambda-1.10.12.jar;C:\Users\Mateus\.m2\repository\com\amazonaws\aws-java-sdk-ecs\1.10.12\aws-java-sdk-ecs-1.10.12.jar;C:\Users\Mateus\.m2\repository\com\amazonaws\aws-java-sdk-cloudhsm\1.10.12\aws-java-sdk-cloudhsm-1.10.12.jar;C:\Users\Mateus\.m2\repository\com\amazonaws\aws-java-sdk-ssm\1.10.12\aws-java-sdk-ssm-1.10.12.jar;C:\Users\Mateus\.m2\repository\com\amazonaws\aws-java-sdk-workspaces\1.10.12\aws-java-sdk-workspaces-1.10.12.jar;C:\Users\Mateus\.m2\repository\com\amazonaws\aws-java-sdk-machinelearning\1.10.12\aws-java-sdk-machinelearning-1.10.12.jar;C:\Users\Mateus\.m2\repository\com\amazonaws\aws-java-sdk-directory\1.10.12\aws-java-sdk-directory-1.10.12.jar;C:\Users\Mateus\.m2\repository\com\amazonaws\aws-java-sdk-efs\1.10.12\aws-java-sdk-efs-1.10.12.jar;C:\Users\Mateus\.m2\repository\com\amazonaws\aws-java-sdk-codecommit\1.10.12\aws-java-sdk-codecommit-1.10.12.jar;C:\Users\Mateus\.m2\repository\com\amazonaws\aws-java-sdk-devicefarm\1.10.12\aws-java-sdk-devicefarm-1.10.12.jar;C:\Users\Mateus\.m2\repository\com\amazonaws\aws-java-sdk-core\1.10.12\aws-java-sdk-core-1.10.12.jar;C:\Users\Mateus\.m2\repository\commons-logging\commons-logging\1.1.3\commons-logging-1.1.3.jar;C:\Users\Mateus\.m2\repository\org\apache\httpcomponents\httpclient\4.3.6\httpclient-4.3.6.jar;C:\Users\Mateus\.m2\repository\org\apache\httpcomponents\httpcore\4.3.3\httpcore-4.3.3.jar;C:\Users\Mateus\.m2\repository\com\fasterxml\jackson\core\jackson-databind\2.5.3\jackson-databind-2.5.3.jar;C:\Users\Mateus\.m2\repository\com\fasterxml\jackson\core\jackson-annotations\2.5.0\jackson-annotations-2.5.0.jar;C:\Users\Mateus\.m2\repository\com\fasterxml\jackson\core\jackson-core\2.5.3\jackson-core-2.5.3.jar;C:\Users\Mateus\.m2\repository\joda-time\joda-time\2.8.1\joda-time-2.8.1.jar;C:\Users\Mateus\.m2\repository\javax\mail\mail\1.4\mail-1.4.jar;C:\Users\Mateus\.m2\repository\javax\activation\activation\1.1\activation-1.1.jar;C:\Users\Mateus\Documents\workspace-sts-3.6.4.RELEASE\educservice-javaserverfaces\target\classes
-aspectpath
C:\Users\Mateus\.m2\repository\org\springframework\spring-aspects\3.2.8.RELEASE\spring-aspects-3.2.8.RELEASE.jar
-d
C:\Users\Mateus\Documents\workspace-sts-3.6.4.RELEASE\educservice-javaserverfaces\target\classes
C:\Users\Mateus\Documents\workspace-sts-3.6.4.RELEASE\educservice-javaserverfaces\src\main\java\br\ufpb\dcx\jsf\ApplicationBean.java
C:\Users\Mateus\Documents\workspace-sts-3.6.4.RELEASE\educservice-javaserverfaces\src\main\java\br\ufpb\dcx\jsf\ApplicationBean_Roo_ApplicationBean.aj
C:\Users\Mateus\Documents\workspace-sts-3.6.4.RELEASE\educservice-javaserverfaces\src\main\java\br\ufpb\dcx\jsf\ApplicationBean_Roo_Configurable.aj
C:\Users\Mateus\Documents\workspace-sts-3.6.4.RELEASE\educservice-javaserverfaces\src\main\java\br\ufpb\dcx\jsf\converter\UsuarioConverter.java
C:\Users\Mateus\Documents\workspace-sts-3.6.4.RELEASE\educservice-javaserverfaces\src\main\java\br\ufpb\dcx\jsf\converter\UsuarioConverter_Roo_Configurable.aj
C:\Users\Mateus\Documents\workspace-sts-3.6.4.RELEASE\educservice-javaserverfaces\src\main\java\br\ufpb\dcx\jsf\converter\UsuarioConverter_Roo_Converter.aj
C:\Users\Mateus\Documents\workspace-sts-3.6.4.RELEASE\educservice-javaserverfaces\src\main\java\br\ufpb\dcx\jsf\filter\LoginFilter.java
C:\Users\Mateus\Documents\workspace-sts-3.6.4.RELEASE\educservice-javaserverfaces\src\main\java\br\ufpb\dcx\jsf\LoginBean.java
C:\Users\Mateus\Documents\workspace-sts-3.6.4.RELEASE\educservice-javaserverfaces\src\main\java\br\ufpb\dcx\jsf\LoginBean_Roo_Configurable.aj
C:\Users\Mateus\Documents\workspace-sts-3.6.4.RELEASE\educservice-javaserverfaces\src\main\java\br\ufpb\dcx\jsf\LoginBean_Roo_ManagedBean.aj
C:\Users\Mateus\Documents\workspace-sts-3.6.4.RELEASE\educservice-javaserverfaces\src\main\java\br\ufpb\dcx\jsf\LoginBean_Roo_Serializable.aj
C:\Users\Mateus\Documents\workspace-sts-3.6.4.RELEASE\educservice-javaserverfaces\src\main\java\br\ufpb\dcx\jsf\MinhasQuestoesBean.java
C:\Users\Mateus\Documents\workspace-sts-3.6.4.RELEASE\educservice-javaserverfaces\src\main\java\br\ufpb\dcx\jsf\MinhasQuestoesBean_Roo_Configurable.aj
C:\Users\Mateus\Documents\workspace-sts-3.6.4.RELEASE\educservice-javaserverfaces\src\main\java\br\ufpb\dcx\jsf\MinhasQuestoesBean_Roo_ManagedBean.aj
C:\Users\Mateus\Documents\workspace-sts-3.6.4.RELEASE\educservice-javaserverfaces\src\main\java\br\ufpb\dcx\jsf\SessaoBean.java
C:\Users\Mateus\Documents\workspace-sts-3.6.4.RELEASE\educservice-javaserverfaces\src\main\java\br\ufpb\dcx\jsf\SessaoBean_Roo_Configurable.aj
C:\Users\Mateus\Documents\workspace-sts-3.6.4.RELEASE\educservice-javaserverfaces\src\main\java\br\ufpb\dcx\jsf\SessaoBean_Roo_ManagedBean.aj
C:\Users\Mateus\Documents\workspace-sts-3.6.4.RELEASE\educservice-javaserverfaces\src\main\java\br\ufpb\dcx\jsf\SessaoBean_Roo_Serializable.aj
C:\Users\Mateus\Documents\workspace-sts-3.6.4.RELEASE\educservice-javaserverfaces\src\main\java\br\ufpb\dcx\jsf\UsuarioBean.java
C:\Users\Mateus\Documents\workspace-sts-3.6.4.RELEASE\educservice-javaserverfaces\src\main\java\br\ufpb\dcx\jsf\UsuarioBean_Roo_Configurable.aj
C:\Users\Mateus\Documents\workspace-sts-3.6.4.RELEASE\educservice-javaserverfaces\src\main\java\br\ufpb\dcx\jsf\UsuarioBean_Roo_ManagedBean.aj
C:\Users\Mateus\Documents\workspace-sts-3.6.4.RELEASE\educservice-javaserverfaces\src\main\java\br\ufpb\dcx\jsf\UsuarioBean_Roo_Serializable.aj
C:\Users\Mateus\Documents\workspace-sts-3.6.4.RELEASE\educservice-javaserverfaces\src\main\java\br\ufpb\dcx\jsf\util\EducServiceJsfUtil.java
C:\Users\Mateus\Documents\workspace-sts-3.6.4.RELEASE\educservice-javaserverfaces\src\main\java\br\ufpb\dcx\jsf\util\LocaleBean.java
C:\Users\Mateus\Documents\workspace-sts-3.6.4.RELEASE\educservice-javaserverfaces\src\main\java\br\ufpb\dcx\jsf\util\MessageFactory.java
C:\Users\Mateus\Documents\workspace-sts-3.6.4.RELEASE\educservice-javaserverfaces\src\main\java\br\ufpb\dcx\jsf\util\ViewExpiredExceptionExceptionHandler.java
C:\Users\Mateus\Documents\workspace-sts-3.6.4.RELEASE\educservice-javaserverfaces\src\main\java\br\ufpb\dcx\jsf\util\ViewExpiredExceptionExceptionHandlerFactory.java
C:\Users\Mateus\Documents\workspace-sts-3.6.4.RELEASE\educservice-javaserverfaces\src\main\java\br\ufpb\dcx\model\AlternativaDeQuestaoDeMultiplaEscolha.java
C:\Users\Mateus\Documents\workspace-sts-3.6.4.RELEASE\educservice-javaserverfaces\src\main\java\br\ufpb\dcx\model\AlternativaDeQuestaoDeMultiplaEscolha_Roo_Configurable.aj
C:\Users\Mateus\Documents\workspace-sts-3.6.4.RELEASE\educservice-javaserverfaces\src\main\java\br\ufpb\dcx\model\AlternativaDeQuestaoDeMultiplaEscolha_Roo_JavaBean.aj
C:\Users\Mateus\Documents\workspace-sts-3.6.4.RELEASE\educservice-javaserverfaces\src\main\java\br\ufpb\dcx\model\AlternativaDeQuestaoDeMultiplaEscolha_Roo_Jpa_ActiveRecord.aj
C:\Users\Mateus\Documents\workspace-sts-3.6.4.RELEASE\educservice-javaserverfaces\src\main\java\br\ufpb\dcx\model\AlternativaDeQuestaoDeMultiplaEscolha_Roo_Jpa_Entity.aj
C:\Users\Mateus\Documents\workspace-sts-3.6.4.RELEASE\educservice-javaserverfaces\src\main\java\br\ufpb\dcx\model\AlternativaDeQuestaoDeMultiplaEscolha_Roo_ToString.aj
C:\Users\Mateus\Documents\workspace-sts-3.6.4.RELEASE\educservice-javaserverfaces\src\main\java\br\ufpb\dcx\model\AlternativaVouF.java
C:\Users\Mateus\Documents\workspace-sts-3.6.4.RELEASE\educservice-javaserverfaces\src\main\java\br\ufpb\dcx\model\AlternativaVouF_Roo_Configurable.aj
C:\Users\Mateus\Documents\workspace-sts-3.6.4.RELEASE\educservice-javaserverfaces\src\main\java\br\ufpb\dcx\model\AlternativaVouF_Roo_JavaBean.aj
C:\Users\Mateus\Documents\workspace-sts-3.6.4.RELEASE\educservice-javaserverfaces\src\main\java\br\ufpb\dcx\model\AlternativaVouF_Roo_Jpa_ActiveRecord.aj
C:\Users\Mateus\Documents\workspace-sts-3.6.4.RELEASE\educservice-javaserverfaces\src\main\java\br\ufpb\dcx\model\AlternativaVouF_Roo_Jpa_Entity.aj
C:\Users\Mateus\Documents\workspace-sts-3.6.4.RELEASE\educservice-javaserverfaces\src\main\java\br\ufpb\dcx\model\AlternativaVouF_Roo_ToString.aj
C:\Users\Mateus\Documents\workspace-sts-3.6.4.RELEASE\educservice-javaserverfaces\src\main\java\br\ufpb\dcx\model\Email.java
C:\Users\Mateus\Documents\workspace-sts-3.6.4.RELEASE\educservice-javaserverfaces\src\main\java\br\ufpb\dcx\model\Email_Roo_Configurable.aj
C:\Users\Mateus\Documents\workspace-sts-3.6.4.RELEASE\educservice-javaserverfaces\src\main\java\br\ufpb\dcx\model\Email_Roo_JavaBean.aj
C:\Users\Mateus\Documents\workspace-sts-3.6.4.RELEASE\educservice-javaserverfaces\src\main\java\br\ufpb\dcx\model\Email_Roo_Jpa_ActiveRecord.aj
C:\Users\Mateus\Documents\workspace-sts-3.6.4.RELEASE\educservice-javaserverfaces\src\main\java\br\ufpb\dcx\model\Email_Roo_Jpa_Entity.aj
C:\Users\Mateus\Documents\workspace-sts-3.6.4.RELEASE\educservice-javaserverfaces\src\main\java\br\ufpb\dcx\model\Email_Roo_ToString.aj
C:\Users\Mateus\Documents\workspace-sts-3.6.4.RELEASE\educservice-javaserverfaces\src\main\java\br\ufpb\dcx\model\PerfilEnum.java
C:\Users\Mateus\Documents\workspace-sts-3.6.4.RELEASE\educservice-javaserverfaces\src\main\java\br\ufpb\dcx\model\Questao.java
C:\Users\Mateus\Documents\workspace-sts-3.6.4.RELEASE\educservice-javaserverfaces\src\main\java\br\ufpb\dcx\model\QuestaoDeMultiplaEscolha.java
C:\Users\Mateus\Documents\workspace-sts-3.6.4.RELEASE\educservice-javaserverfaces\src\main\java\br\ufpb\dcx\model\QuestaoDeMultiplaEscolha_Roo_Configurable.aj
C:\Users\Mateus\Documents\workspace-sts-3.6.4.RELEASE\educservice-javaserverfaces\src\main\java\br\ufpb\dcx\model\QuestaoDeMultiplaEscolha_Roo_JavaBean.aj
C:\Users\Mateus\Documents\workspace-sts-3.6.4.RELEASE\educservice-javaserverfaces\src\main\java\br\ufpb\dcx\model\QuestaoDeMultiplaEscolha_Roo_Jpa_ActiveRecord.aj
C:\Users\Mateus\Documents\workspace-sts-3.6.4.RELEASE\educservice-javaserverfaces\src\main\java\br\ufpb\dcx\model\QuestaoDeMultiplaEscolha_Roo_Jpa_Entity.aj
C:\Users\Mateus\Documents\workspace-sts-3.6.4.RELEASE\educservice-javaserverfaces\src\main\java\br\ufpb\dcx\model\QuestaoDeMultiplaEscolha_Roo_ToString.aj
C:\Users\Mateus\Documents\workspace-sts-3.6.4.RELEASE\educservice-javaserverfaces\src\main\java\br\ufpb\dcx\model\QuestaoDissertativa.java
C:\Users\Mateus\Documents\workspace-sts-3.6.4.RELEASE\educservice-javaserverfaces\src\main\java\br\ufpb\dcx\model\QuestaoDissertativa_Roo_Configurable.aj
C:\Users\Mateus\Documents\workspace-sts-3.6.4.RELEASE\educservice-javaserverfaces\src\main\java\br\ufpb\dcx\model\QuestaoDissertativa_Roo_JavaBean.aj
C:\Users\Mateus\Documents\workspace-sts-3.6.4.RELEASE\educservice-javaserverfaces\src\main\java\br\ufpb\dcx\model\QuestaoDissertativa_Roo_Jpa_ActiveRecord.aj
C:\Users\Mateus\Documents\workspace-sts-3.6.4.RELEASE\educservice-javaserverfaces\src\main\java\br\ufpb\dcx\model\QuestaoDissertativa_Roo_Jpa_Entity.aj
C:\Users\Mateus\Documents\workspace-sts-3.6.4.RELEASE\educservice-javaserverfaces\src\main\java\br\ufpb\dcx\model\QuestaoDissertativa_Roo_ToString.aj
C:\Users\Mateus\Documents\workspace-sts-3.6.4.RELEASE\educservice-javaserverfaces\src\main\java\br\ufpb\dcx\model\QuestaoVouF.java
C:\Users\Mateus\Documents\workspace-sts-3.6.4.RELEASE\educservice-javaserverfaces\src\main\java\br\ufpb\dcx\model\QuestaoVouF_Roo_Configurable.aj
C:\Users\Mateus\Documents\workspace-sts-3.6.4.RELEASE\educservice-javaserverfaces\src\main\java\br\ufpb\dcx\model\QuestaoVouF_Roo_JavaBean.aj
C:\Users\Mateus\Documents\workspace-sts-3.6.4.RELEASE\educservice-javaserverfaces\src\main\java\br\ufpb\dcx\model\QuestaoVouF_Roo_Jpa_ActiveRecord.aj
C:\Users\Mateus\Documents\workspace-sts-3.6.4.RELEASE\educservice-javaserverfaces\src\main\java\br\ufpb\dcx\model\QuestaoVouF_Roo_Jpa_Entity.aj
C:\Users\Mateus\Documents\workspace-sts-3.6.4.RELEASE\educservice-javaserverfaces\src\main\java\br\ufpb\dcx\model\QuestaoVouF_Roo_ToString.aj
C:\Users\Mateus\Documents\workspace-sts-3.6.4.RELEASE\educservice-javaserverfaces\src\main\java\br\ufpb\dcx\model\Questao_Roo_Configurable.aj
C:\Users\Mateus\Documents\workspace-sts-3.6.4.RELEASE\educservice-javaserverfaces\src\main\java\br\ufpb\dcx\model\Questao_Roo_JavaBean.aj
C:\Users\Mateus\Documents\workspace-sts-3.6.4.RELEASE\educservice-javaserverfaces\src\main\java\br\ufpb\dcx\model\Questao_Roo_Jpa_ActiveRecord.aj
C:\Users\Mateus\Documents\workspace-sts-3.6.4.RELEASE\educservice-javaserverfaces\src\main\java\br\ufpb\dcx\model\Questao_Roo_Jpa_Entity.aj
C:\Users\Mateus\Documents\workspace-sts-3.6.4.RELEASE\educservice-javaserverfaces\src\main\java\br\ufpb\dcx\model\Questao_Roo_ToString.aj
C:\Users\Mateus\Documents\workspace-sts-3.6.4.RELEASE\educservice-javaserverfaces\src\main\java\br\ufpb\dcx\model\Usuario.java
C:\Users\Mateus\Documents\workspace-sts-3.6.4.RELEASE\educservice-javaserverfaces\src\main\java\br\ufpb\dcx\model\Usuario_Roo_Configurable.aj
C:\Users\Mateus\Documents\workspace-sts-3.6.4.RELEASE\educservice-javaserverfaces\src\main\java\br\ufpb\dcx\model\Usuario_Roo_JavaBean.aj
C:\Users\Mateus\Documents\workspace-sts-3.6.4.RELEASE\educservice-javaserverfaces\src\main\java\br\ufpb\dcx\model\Usuario_Roo_Jpa_ActiveRecord.aj
C:\Users\Mateus\Documents\workspace-sts-3.6.4.RELEASE\educservice-javaserverfaces\src\main\java\br\ufpb\dcx\model\Usuario_Roo_Jpa_Entity.aj
C:\Users\Mateus\Documents\workspace-sts-3.6.4.RELEASE\educservice-javaserverfaces\src\main\java\br\ufpb\dcx\model\Usuario_Roo_ToString.aj
C:\Users\Mateus\Documents\workspace-sts-3.6.4.RELEASE\educservice-javaserverfaces\src\main\java\br\ufpb\dcx\service\AlternativaDeQuestaoDeMultiplaEscolhaService.java
C:\Users\Mateus\Documents\workspace-sts-3.6.4.RELEASE\educservice-javaserverfaces\src\main\java\br\ufpb\dcx\service\AlternativaDeQuestaoDeMultiplaEscolhaServiceImpl.java
C:\Users\Mateus\Documents\workspace-sts-3.6.4.RELEASE\educservice-javaserverfaces\src\main\java\br\ufpb\dcx\service\AlternativaDeQuestaoDeMultiplaEscolhaServiceImpl_Roo_Service.aj
C:\Users\Mateus\Documents\workspace-sts-3.6.4.RELEASE\educservice-javaserverfaces\src\main\java\br\ufpb\dcx\service\AlternativaDeQuestaoDeMultiplaEscolhaService_Roo_Service.aj
C:\Users\Mateus\Documents\workspace-sts-3.6.4.RELEASE\educservice-javaserverfaces\src\main\java\br\ufpb\dcx\service\AlternativaDeQuestaoVouFService.java
C:\Users\Mateus\Documents\workspace-sts-3.6.4.RELEASE\educservice-javaserverfaces\src\main\java\br\ufpb\dcx\service\AlternativaDeQuestaoVouFServiceImpl.java
C:\Users\Mateus\Documents\workspace-sts-3.6.4.RELEASE\educservice-javaserverfaces\src\main\java\br\ufpb\dcx\service\AlternativaDeQuestaoVouFServiceImpl_Roo_Service.aj
C:\Users\Mateus\Documents\workspace-sts-3.6.4.RELEASE\educservice-javaserverfaces\src\main\java\br\ufpb\dcx\service\AlternativaDeQuestaoVouFService_Roo_Service.aj
C:\Users\Mateus\Documents\workspace-sts-3.6.4.RELEASE\educservice-javaserverfaces\src\main\java\br\ufpb\dcx\service\EducServiceException.java
C:\Users\Mateus\Documents\workspace-sts-3.6.4.RELEASE\educservice-javaserverfaces\src\main\java\br\ufpb\dcx\service\QuestaoDeMultiplaEscolhaService.java
C:\Users\Mateus\Documents\workspace-sts-3.6.4.RELEASE\educservice-javaserverfaces\src\main\java\br\ufpb\dcx\service\QuestaoDeMultiplaEscolhaServiceImpl.java
C:\Users\Mateus\Documents\workspace-sts-3.6.4.RELEASE\educservice-javaserverfaces\src\main\java\br\ufpb\dcx\service\QuestaoDeMultiplaEscolhaServiceImpl_Roo_Service.aj
C:\Users\Mateus\Documents\workspace-sts-3.6.4.RELEASE\educservice-javaserverfaces\src\main\java\br\ufpb\dcx\service\QuestaoDeMultiplaEscolhaService_Roo_Service.aj
C:\Users\Mateus\Documents\workspace-sts-3.6.4.RELEASE\educservice-javaserverfaces\src\main\java\br\ufpb\dcx\service\QuestaoDissertativaService.java
C:\Users\Mateus\Documents\workspace-sts-3.6.4.RELEASE\educservice-javaserverfaces\src\main\java\br\ufpb\dcx\service\QuestaoDissertativaServiceImpl.java
C:\Users\Mateus\Documents\workspace-sts-3.6.4.RELEASE\educservice-javaserverfaces\src\main\java\br\ufpb\dcx\service\QuestaoDissertativaServiceImpl_Roo_Service.aj
C:\Users\Mateus\Documents\workspace-sts-3.6.4.RELEASE\educservice-javaserverfaces\src\main\java\br\ufpb\dcx\service\QuestaoDissertativaService_Roo_Service.aj
C:\Users\Mateus\Documents\workspace-sts-3.6.4.RELEASE\educservice-javaserverfaces\src\main\java\br\ufpb\dcx\service\QuestaoException.java
C:\Users\Mateus\Documents\workspace-sts-3.6.4.RELEASE\educservice-javaserverfaces\src\main\java\br\ufpb\dcx\service\QuestaoService.java
C:\Users\Mateus\Documents\workspace-sts-3.6.4.RELEASE\educservice-javaserverfaces\src\main\java\br\ufpb\dcx\service\QuestaoServiceImpl.java
C:\Users\Mateus\Documents\workspace-sts-3.6.4.RELEASE\educservice-javaserverfaces\src\main\java\br\ufpb\dcx\service\QuestaoServiceImpl_Roo_Service.aj
C:\Users\Mateus\Documents\workspace-sts-3.6.4.RELEASE\educservice-javaserverfaces\src\main\java\br\ufpb\dcx\service\QuestaoService_Roo_Service.aj
C:\Users\Mateus\Documents\workspace-sts-3.6.4.RELEASE\educservice-javaserverfaces\src\main\java\br\ufpb\dcx\service\QuestaoVouFService.java
C:\Users\Mateus\Documents\workspace-sts-3.6.4.RELEASE\educservice-javaserverfaces\src\main\java\br\ufpb\dcx\service\QuestaoVouFServiceImpl.java
C:\Users\Mateus\Documents\workspace-sts-3.6.4.RELEASE\educservice-javaserverfaces\src\main\java\br\ufpb\dcx\service\QuestaoVouFServiceImpl_Roo_Service.aj
C:\Users\Mateus\Documents\workspace-sts-3.6.4.RELEASE\educservice-javaserverfaces\src\main\java\br\ufpb\dcx\service\QuestaoVouFService_Roo_Service.aj
C:\Users\Mateus\Documents\workspace-sts-3.6.4.RELEASE\educservice-javaserverfaces\src\main\java\br\ufpb\dcx\service\SenderMail.java
C:\Users\Mateus\Documents\workspace-sts-3.6.4.RELEASE\educservice-javaserverfaces\src\main\java\br\ufpb\dcx\service\UsuarioEducServiceException.java
C:\Users\Mateus\Documents\workspace-sts-3.6.4.RELEASE\educservice-javaserverfaces\src\main\java\br\ufpb\dcx\service\UsuarioService.java
C:\Users\Mateus\Documents\workspace-sts-3.6.4.RELEASE\educservice-javaserverfaces\src\main\java\br\ufpb\dcx\service\UsuarioServiceImpl.java
C:\Users\Mateus\Documents\workspace-sts-3.6.4.RELEASE\educservice-javaserverfaces\src\main\java\br\ufpb\dcx\service\UsuarioServiceImpl_Roo_Service.aj
C:\Users\Mateus\Documents\workspace-sts-3.6.4.RELEASE\educservice-javaserverfaces\src\main\java\br\ufpb\dcx\service\UsuarioService_Roo_Service.aj
